<?xml version="1.0" encoding="UTF-8" ?>
<testsuite errors="0" failures="1" hostname="yago-Inspiron-3421" name="cadastro.PessoasTests" tests="1" time="0.977" timestamp="2015-05-12T16:41:51">
  <properties />
  <testcase classname="cadastro.PessoasTests" name="testSomething" time="0.63">
    <failure message="junit.framework.AssertionFailedError: Implement me" type="junit.framework.AssertionFailedError">junit.framework.AssertionFailedError: junit.framework.AssertionFailedError: Implement me
	at cadastro.PessoasTests.testSomething(PessoasTests.groovy:15)
</failure>
  </testcase>
  <system-out><![CDATA[--Output from testSomething--
]]></system-out>
  <system-err><![CDATA[--Output from testSomething--
]]></system-err>
</testsuite>
